#
# A fatal error has been detected by the Java Runtime Environment:
#
#  EXCEPTION_ACCESS_VIOLATION (0xc0000005) at pc=0x00000001800638ca, pid=11096, tid=7660
#
# JRE version: Java(TM) SE Runtime Environment (8.0_20-b26) (build 1.8.0_20-b26)
# Java VM: Java HotSpot(TM) 64-Bit Server VM (25.20-b23 mixed mode windows-amd64 compressed oops)
# Problematic frame:
# C  [ig7icd64.dll+0x638ca]
#
# Failed to write core dump. Minidumps are not enabled by default on client versions of Windows
#
# If you would like to submit a bug report, please visit:
#   http://bugreport.sun.com/bugreport/crash.jsp
# The crash happened outside the Java Virtual Machine in native code.
# See problematic frame for where to report the bug.
#

---------------  T H R E A D  ---------------

Current thread (0x000000001caba800):  JavaThread "AWT-EventQueue-0" [_thread_in_native, id=7660, stack(0x00000000220e0000,0x0000000022ae0000)]

siginfo: ExceptionCode=0xc0000005, writing address 0x0000000000000008

Registers:
RAX=0x0000000040002a40, RBX=0x0000000020840080, RCX=0x0000000000000000, RDX=0x0000000000000008
RSP=0x0000000022ad9b50, RBP=0x0000000000000018, RSI=0x0000000000000000, RDI=0x0000000000002988
R8 =0x0000000028664560, R9 =0x00000000208aa870, R10=0x0000000000000001, R11=0x0000000000000001
R12=0x0000000000000001, R13=0x00000000208a8720, R14=0x0000000000002928, R15=0x0000000000000000
RIP=0x00000001800638ca, EFLAGS=0x0000000000010246

Top of Stack: (sp=0x0000000022ad9b50)
0x0000000022ad9b50:   000000000000000c 0000000000000001
0x0000000022ad9b60:   00000000208a84f8 0000000022ad9d80
0x0000000022ad9b70:   0000000010000003 0000013700000000
0x0000000022ad9b80:   0000000000000000 00000000209ee9a0
0x0000000022ad9b90:   00000000208a84f8 00000001800654c6
0x0000000022ad9ba0:   0000000000000000 0000000022ad9c20
0x0000000022ad9bb0:   0000000020840080 0000000078310000
0x0000000022ad9bc0:   0000000078320000 0000000078330000
0x0000000022ad9bd0:   01000c1c7a000003 0000000000000000
0x0000000022ad9be0:   0000000000000000 0000000000000000
0x0000000022ad9bf0:   0000000000000000 0000000020840080
0x0000000022ad9c00:   0000000000000000 00000000209eead0
0x0000000022ad9c10:   00000000208a8720 0000000020840080
0x0000000022ad9c20:   00000000045606e4 0000000000000000
0x0000000022ad9c30:   0000000000000001 0000000020840080
0x0000000022ad9c40:   0000000022ad9d80 0000000180065b85 

Instructions: (pc=0x00000001800638ca)
0x00000001800638aa:   8b 89 c8 41 0d 00 41 8d 43 01 4a 8d 14 dd 00 00
0x00000001800638ba:   00 00 41 89 81 d4 41 0d 00 41 8b 40 40 4d 8b d3
0x00000001800638ca:   89 04 0a 49 8b 40 08 45 89 58 3c 8b 48 64 49 8b
0x00000001800638da:   81 c8 41 0d 00 49 01 89 e0 41 0d 00 83 4c 02 04 


Register to memory mapping:

RAX=0x0000000040002a40 is an unknown value
RBX=0x0000000020840080 is an unknown value
RCX=0x0000000000000000 is an unknown value
RDX=0x0000000000000008 is an unknown value
RSP=0x0000000022ad9b50 is pointing into the stack for thread: 0x000000001caba800
RBP=0x0000000000000018 is an unknown value
RSI=0x0000000000000000 is an unknown value
RDI=0x0000000000002988 is an unknown value
R8 =0x0000000028664560 is an unknown value
R9 =0x00000000208aa870 is an unknown value
R10=0x0000000000000001 is an unknown value
R11=0x0000000000000001 is an unknown value
R12=0x0000000000000001 is an unknown value
R13=0x00000000208a8720 is an unknown value
R14=0x0000000000002928 is an unknown value
R15=0x0000000000000000 is an unknown value


Stack: [0x00000000220e0000,0x0000000022ae0000],  sp=0x0000000022ad9b50,  free space=10214k
Native frames: (J=compiled Java code, j=interpreted, Vv=VM code, C=native code)
C  [ig7icd64.dll+0x638ca]
C  [ig7icd64.dll+0x654c6]
C  [ig7icd64.dll+0x65b85]
C  [ig7icd64.dll+0x2239a3]
C  [ig7icd64.dll+0x65d60]
C  [ig7icd64.dll+0x268f25]
C  [ig7icd64.dll+0x267ecd]
C  [ig7icd64.dll+0x165a62]
C  [ig7icd64.dll+0x2c3964]
C  0x000000000455a5b9

Java frames: (J=compiled Java code, j=interpreted, Vv=VM code)
J 4904  jogamp.opengl.gl4.GL4bcImpl.dispatch_glDisable1(IJ)V (0 bytes) @ 0x000000000455a53b [0x000000000455a500+0x3b]
J 4903 C1 jogamp.opengl.gl4.GL4bcImpl.glDisable(I)V (50 bytes) @ 0x000000000455bc2c [0x000000000455b0e0+0xb4c]
J 5174 C1 saf.v3d.render.DefaultBorderRenderer.drawBorder(Ljavax/media/opengl/GL2;ILsaf/v3d/render/RenderState;)V (83 bytes) @ 0x000000000465999c [0x0000000004659380+0x61c]
J 5173 C1 saf.v3d.render.DisplayListRenderer.render(Ljavax/media/opengl/GL2;Lsaf/v3d/render/RenderState;)V (71 bytes) @ 0x00000000046587dc [0x00000000046584e0+0x2fc]
J 5172 C1 saf.v3d.render.PolygonShape.render(Ljavax/media/opengl/GL2;Lsaf/v3d/render/RenderState;)V (12 bytes) @ 0x0000000004657e3c [0x0000000004657d80+0xbc]
J 4920 C1 saf.v3d.scene.VShape.doDraw(Ljavax/media/opengl/GL2;Lsaf/v3d/render/RenderState;)V (20 bytes) @ 0x00000000045606e4 [0x00000000045605c0+0x124]
J 4743 C1 saf.v3d.scene.VSpatial.draw(Ljavax/media/opengl/GL2;Lsaf/v3d/render/RenderState;)V (132 bytes) @ 0x00000000044fa02c [0x00000000044f9b00+0x52c]
J 5171 C1 repast.simphony.visualizationOGL2D.SpatialWrapper.draw(Ljavax/media/opengl/GL2;Lsaf/v3d/render/RenderState;)V (10 bytes) @ 0x0000000004657564 [0x0000000004657020+0x544]
J 5566 C1 saf.v3d.scene.VComposite.doDraw(Ljavax/media/opengl/GL2;Lsaf/v3d/render/RenderState;)V (49 bytes) @ 0x00000000047bf96c [0x00000000047bf5c0+0x3ac]
J 4743 C1 saf.v3d.scene.VSpatial.draw(Ljavax/media/opengl/GL2;Lsaf/v3d/render/RenderState;)V (132 bytes) @ 0x00000000044fa02c [0x00000000044f9b00+0x52c]
J 5566 C1 saf.v3d.scene.VComposite.doDraw(Ljavax/media/opengl/GL2;Lsaf/v3d/render/RenderState;)V (49 bytes) @ 0x00000000047bf96c [0x00000000047bf5c0+0x3ac]
J 4743 C1 saf.v3d.scene.VSpatial.draw(Ljavax/media/opengl/GL2;Lsaf/v3d/render/RenderState;)V (132 bytes) @ 0x00000000044fa02c [0x00000000044f9b00+0x52c]
j  saf.v3d.Canvas2D.display(Ljavax/media/opengl/GLAutoDrawable;)V+128
j  jogamp.opengl.GLDrawableHelper.displayImpl(Ljavax/media/opengl/GLAutoDrawable;)V+81
j  jogamp.opengl.GLDrawableHelper.display(Ljavax/media/opengl/GLAutoDrawable;)V+2
j  javax.media.opengl.awt.GLCanvas$10.run()V+118
j  jogamp.opengl.GLDrawableHelper.invokeGLImpl(Ljavax/media/opengl/GLDrawable;Ljavax/media/opengl/GLContext;Ljava/lang/Runnable;Ljava/lang/Runnable;)V+206
j  jogamp.opengl.GLDrawableHelper.invokeGL(Ljavax/media/opengl/GLDrawable;Ljavax/media/opengl/GLContext;Ljava/lang/Runnable;Ljava/lang/Runnable;)V+80
j  javax.media.opengl.awt.GLCanvas$11.run()V+73
j  javax.media.opengl.Threading.invoke(ZLjava/lang/Runnable;Ljava/lang/Object;)V+33
j  javax.media.opengl.awt.GLCanvas.display()V+64
j  javax.media.opengl.awt.GLCanvas.paint(Ljava/awt/Graphics;)V+137
j  sun.awt.RepaintArea.paintComponent(Ljava/awt/Component;Ljava/awt/Graphics;)V+6
j  sun.awt.RepaintArea.paint(Ljava/lang/Object;Z)V+326
J 4433 C1 sun.awt.windows.WComponentPeer.handleEvent(Ljava/awt/AWTEvent;)V (173 bytes) @ 0x00000000044ad6a4 [0x00000000044ac7c0+0xee4]
J 4050 C1 java.awt.Component.dispatchEventImpl(Ljava/awt/AWTEvent;)V (883 bytes) @ 0x00000000041170a4 [0x000000000410fc20+0x7484]
J 4091 C1 java.awt.EventQueue.dispatchEventImpl(Ljava/awt/AWTEvent;Ljava/lang/Object;)V (149 bytes) @ 0x000000000445dccc [0x000000000445c640+0x168c]
J 4031 C1 java.awt.EventQueue$3.run()Ljava/lang/Void; (60 bytes) @ 0x0000000003f7a84c [0x0000000003f7a640+0x20c]
J 4030 C1 java.awt.EventQueue$3.run()Ljava/lang/Object; (5 bytes) @ 0x000000000419518c [0x0000000004195100+0x8c]
v  ~StubRoutines::call_stub
J 1469  java.security.AccessController.doPrivileged(Ljava/security/PrivilegedAction;Ljava/security/AccessControlContext;)Ljava/lang/Object; (0 bytes) @ 0x0000000003dc95a6 [0x0000000003dc9540+0x66]
J 3315 C1 java.security.ProtectionDomain$1.doIntersectionPrivilege(Ljava/security/PrivilegedAction;Ljava/security/AccessControlContext;Ljava/security/AccessControlContext;)Ljava/lang/Object; (32 bytes) @ 0x000000000425b3dc [0x000000000425b0e0+0x2fc]
J 4424 C1 java.awt.EventQueue$4.run()Ljava/lang/Object; (5 bytes) @ 0x00000000044a450c [0x00000000044a4120+0x3ec]
v  ~StubRoutines::call_stub
J 1469  java.security.AccessController.doPrivileged(Ljava/security/PrivilegedAction;Ljava/security/AccessControlContext;)Ljava/lang/Object; (0 bytes) @ 0x0000000003dc95a6 [0x0000000003dc9540+0x66]
J 3363 C1 java.awt.EventQueue.dispatchEvent(Ljava/awt/AWTEvent;)V (80 bytes) @ 0x000000000427d234 [0x000000000427c580+0xcb4]
J 3366 C1 java.awt.EventDispatchThread.pumpOneEventForFilters(I)V (295 bytes) @ 0x000000000427ff6c [0x000000000427e2c0+0x1cac]
j  java.awt.EventDispatchThread.pumpEventsForFilter(ILjava/awt/Conditional;Ljava/awt/EventFilter;)V+35
j  java.awt.EventDispatchThread.pumpEventsForHierarchy(ILjava/awt/Conditional;Ljava/awt/Component;)V+11
j  java.awt.EventDispatchThread.pumpEvents(ILjava/awt/Conditional;)V+4
j  java.awt.EventDispatchThread.pumpEvents(Ljava/awt/Conditional;)V+3
j  java.awt.EventDispatchThread.run()V+9
v  ~StubRoutines::call_stub

---------------  P R O C E S S  ---------------

Java Threads: ( => current thread )
  0x000000001b928000 JavaThread "Thread-8" [_thread_blocked, id=9616, stack(0x000000002d240000,0x000000002dc40000)]
  0x000000001a65f000 JavaThread "Thread-7" [_thread_blocked, id=5132, stack(0x000000002c840000,0x000000002d240000)]
  0x0000000023edf800 JavaThread "AWT-EventQueue-0-SharedResourceRunner" daemon [_thread_blocked, id=9436, stack(0x0000000028b50000,0x0000000029550000)]
  0x0000000002c53800 JavaThread "DestroyJavaVM" [_thread_blocked, id=9796, stack(0x0000000002dc0000,0x00000000037c0000)]
  0x000000001cf29000 JavaThread "TimerQueue" daemon [_thread_blocked, id=6912, stack(0x0000000022ae0000,0x00000000234e0000)]
=>0x000000001caba800 JavaThread "AWT-EventQueue-0" [_thread_in_native, id=7660, stack(0x00000000220e0000,0x0000000022ae0000)]
  0x000000001a714000 JavaThread "AWT-Windows" daemon [_thread_in_native, id=8492, stack(0x000000001f5d0000,0x000000001ffd0000)]
  0x000000001bfe4000 JavaThread "AWT-Shutdown" [_thread_blocked, id=9380, stack(0x000000001ebd0000,0x000000001f5d0000)]
  0x000000001bfe3800 JavaThread "Java2D Disposer" daemon [_thread_blocked, id=12044, stack(0x000000001e1d0000,0x000000001ebd0000)]
  0x0000000017ddb800 JavaThread "Service Thread" daemon [_thread_blocked, id=1476, stack(0x0000000019920000,0x000000001a320000)]
  0x0000000017d5b000 JavaThread "C1 CompilerThread3" daemon [_thread_blocked, id=6628, stack(0x0000000019820000,0x0000000019920000)]
  0x0000000017d58000 JavaThread "C2 CompilerThread2" daemon [_thread_blocked, id=9140, stack(0x0000000019720000,0x0000000019820000)]
  0x0000000017d4c800 JavaThread "C2 CompilerThread1" daemon [_thread_blocked, id=2996, stack(0x0000000019620000,0x0000000019720000)]
  0x0000000017d4a800 JavaThread "C2 CompilerThread0" daemon [_thread_blocked, id=8372, stack(0x0000000019520000,0x0000000019620000)]
  0x0000000017d49800 JavaThread "Attach Listener" daemon [_thread_blocked, id=11728, stack(0x0000000018b20000,0x0000000019520000)]
  0x0000000017d49000 JavaThread "Signal Dispatcher" daemon [_thread_blocked, id=4684, stack(0x0000000018120000,0x0000000018b20000)]
  0x0000000002d49000 JavaThread "Finalizer" daemon [_thread_blocked, id=11216, stack(0x0000000017320000,0x0000000017d20000)]
  0x0000000002d42000 JavaThread "Reference Handler" daemon [_thread_blocked, id=9552, stack(0x0000000016920000,0x0000000017320000)]

Other Threads:
  0x0000000014b49000 VMThread [stack: 0x0000000016820000,0x0000000016920000] [id=6908]
  0x0000000017de6800 WatcherThread [stack: 0x000000001a320000,0x000000001a420000] [id=7648]

VM state:not at safepoint (normal execution)

VM Mutex/Monitor currently owned by a thread: None

Heap:
 PSYoungGen      total 108544K, used 74843K [0x00000000f7b00000, 0x00000000ffb80000, 0x0000000100000000)
  eden space 87552K, 80% used [0x00000000f7b00000,0x00000000fbf8a270,0x00000000fd080000)
  from space 20992K, 22% used [0x00000000fe700000,0x00000000feb8cc18,0x00000000ffb80000)
  to   space 22016K, 0% used [0x00000000fd080000,0x00000000fd080000,0x00000000fe600000)
 ParOldGen       total 140288K, used 43188K [0x00000000e7000000, 0x00000000ef900000, 0x00000000f7b00000)
  object space 140288K, 30% used [0x00000000e7000000,0x00000000e9a2d018,0x00000000ef900000)
 Metaspace       used 40072K, capacity 40325K, committed 40832K, reserved 1085440K
  class space    used 5044K, capacity 5122K, committed 5248K, reserved 1048576K

Card table byte_map: [0x0000000002b60000,0x0000000002c30000] byte_map_base: 0x0000000002428000

Marking Bits: (ParMarkBitMap*) 0x000000006e5db460
 Begin Bits: [0x0000000013410000, 0x0000000013a50000)
 End Bits:   [0x0000000013a50000, 0x0000000014090000)

Polling page: 0x0000000002b30000

CodeCache: size=245760Kb used=16827Kb max_used=16846Kb free=228932Kb
 bounds [0x00000000037c0000, 0x0000000004850000, 0x00000000127c0000]
 total_blobs=5847 nmethods=4853 adapters=904
 compilation: enabled

Compilation events (10 events):
Event: 40993.611 Thread 0x0000000017d5b000 5702       3       sun.font.GlyphList::ensureCapacity (79 bytes)
Event: 40993.611 Thread 0x0000000017d5b000 nmethod 5702 0x0000000004838950 code [0x0000000004838ac0, 0x0000000004838fd0]
Event: 40993.611 Thread 0x0000000017d5b000 5703       3       sun.font.GlyphList::dispose (45 bytes)
Event: 40993.611 Thread 0x0000000017d5b000 nmethod 5703 0x00000000048384d0 code [0x0000000004838640, 0x00000000048388b0]
Event: 40993.611 Thread 0x0000000017d5b000 5700   !   3       sun.java2d.SunGraphics2D::drawString (132 bytes)
Event: 40993.613 Thread 0x0000000017d5b000 nmethod 5700 0x0000000004844550 code [0x00000000048447a0, 0x0000000004845898]
Event: 40993.613 Thread 0x0000000017d5b000 5699       3       java.awt.Image::<init> (11 bytes)
Event: 40993.613 Thread 0x0000000017d4c800 nmethod 5688 0x0000000004846010 code [0x0000000004846200, 0x0000000004846aa0]
Event: 40993.613 Thread 0x0000000017d5b000 nmethod 5699 0x0000000004472cd0 code [0x0000000004472e20, 0x0000000004472fd0]
Event: 40993.640 Thread 0x0000000017d4a800 nmethod 5692 0x000000000484af90 code [0x000000000484b260, 0x000000000484d478]

GC Heap History (10 events):
Event: 11.565 GC heap before
{Heap before GC invocations=20 (full 2):
 PSYoungGen      total 108032K, used 81374K [0x00000000f7b00000, 0x0000000100000000, 0x0000000100000000)
  eden space 79872K, 100% used [0x00000000f7b00000,0x00000000fc900000,0x00000000fc900000)
  from space 28160K, 5% used [0x00000000fc900000,0x00000000fca77ac0,0x00000000fe480000)
  to   space 27648K, 0% used [0x00000000fe500000,0x00000000fe500000,0x0000000100000000)
 ParOldGen       total 140288K, used 43164K [0x00000000e7000000, 0x00000000ef900000, 0x00000000f7b00000)
  object space 140288K, 30% used [0x00000000e7000000,0x00000000e9a27018,0x00000000ef900000)
 Metaspace       used 35640K, capacity 35847K, committed 36224K, reserved 1081344K
  class space    used 4644K, capacity 4701K, committed 4736K, reserved 1048576K
Event: 11.567 GC heap after
Heap after GC invocations=20 (full 2):
 PSYoungGen      total 106496K, used 1677K [0x00000000f7b00000, 0x00000000ffe80000, 0x0000000100000000)
  eden space 80384K, 0% used [0x00000000f7b00000,0x00000000f7b00000,0x00000000fc980000)
  from space 26112K, 6% used [0x00000000fe500000,0x00000000fe6a36f0,0x00000000ffe80000)
  to   space 27136K, 0% used [0x00000000fc980000,0x00000000fc980000,0x00000000fe400000)
 ParOldGen       total 140288K, used 43164K [0x00000000e7000000, 0x00000000ef900000, 0x00000000f7b00000)
  object space 140288K, 30% used [0x00000000e7000000,0x00000000e9a27018,0x00000000ef900000)
 Metaspace       used 35640K, capacity 35847K, committed 36224K, reserved 1081344K
  class space    used 4644K, capacity 4701K, committed 4736K, reserved 1048576K
}
Event: 15.307 GC heap before
{Heap before GC invocations=21 (full 2):
 PSYoungGen      total 106496K, used 82061K [0x00000000f7b00000, 0x00000000ffe80000, 0x0000000100000000)
  eden space 80384K, 100% used [0x00000000f7b00000,0x00000000fc980000,0x00000000fc980000)
  from space 26112K, 6% used [0x00000000fe500000,0x00000000fe6a36f0,0x00000000ffe80000)
  to   space 27136K, 0% used [0x00000000fc980000,0x00000000fc980000,0x00000000fe400000)
 ParOldGen       total 140288K, used 43164K [0x00000000e7000000, 0x00000000ef900000, 0x00000000f7b00000)
  object space 140288K, 30% used [0x00000000e7000000,0x00000000e9a27018,0x00000000ef900000)
 Metaspace       used 36251K, capacity 36493K, committed 36864K, reserved 1081344K
  class space    used 4705K, capacity 4766K, committed 4864K, reserved 1048576K
Event: 15.318 GC heap after
Heap after GC invocations=21 (full 2):
 PSYoungGen      total 107520K, used 1484K [0x00000000f7b00000, 0x00000000fff00000, 0x0000000100000000)
  eden space 80384K, 0% used [0x00000000f7b00000,0x00000000f7b00000,0x00000000fc980000)
  from space 27136K, 5% used [0x00000000fc980000,0x00000000fcaf3210,0x00000000fe400000)
  to   space 26112K, 0% used [0x00000000fe580000,0x00000000fe580000,0x00000000fff00000)
 ParOldGen       total 140288K, used 43164K [0x00000000e7000000, 0x00000000ef900000, 0x00000000f7b00000)
  object space 140288K, 30% used [0x00000000e7000000,0x00000000e9a27018,0x00000000ef900000)
 Metaspace       used 36251K, capacity 36493K, committed 36864K, reserved 1081344K
  class space    used 4705K, capacity 4766K, committed 4864K, reserved 1048576K
}
Event: 15.799 GC heap before
{Heap before GC invocations=22 (full 2):
 PSYoungGen      total 107520K, used 81868K [0x00000000f7b00000, 0x00000000fff00000, 0x0000000100000000)
  eden space 80384K, 100% used [0x00000000f7b00000,0x00000000fc980000,0x00000000fc980000)
  from space 27136K, 5% used [0x00000000fc980000,0x00000000fcaf3210,0x00000000fe400000)
  to   space 26112K, 0% used [0x00000000fe580000,0x00000000fe580000,0x00000000fff00000)
 ParOldGen       total 140288K, used 43164K [0x00000000e7000000, 0x00000000ef900000, 0x00000000f7b00000)
  object space 140288K, 30% used [0x00000000e7000000,0x00000000e9a27018,0x00000000ef900000)
 Metaspace       used 36813K, capacity 37069K, committed 37376K, reserved 1081344K
  class space    used 4774K, capacity 4830K, committed 4864K, reserved 1048576K
Event: 15.801 GC heap after
Heap after GC invocations=22 (full 2):
 PSYoungGen      total 107008K, used 2896K [0x00000000f7b00000, 0x00000000ffd00000, 0x0000000100000000)
  eden space 82944K, 0% used [0x00000000f7b00000,0x00000000f7b00000,0x00000000fcc00000)
  from space 24064K, 12% used [0x00000000fe580000,0x00000000fe854388,0x00000000ffd00000)
  to   space 25088K, 0% used [0x00000000fcc00000,0x00000000fcc00000,0x00000000fe480000)
 ParOldGen       total 140288K, used 43172K [0x00000000e7000000, 0x00000000ef900000, 0x00000000f7b00000)
  object space 140288K, 30% used [0x00000000e7000000,0x00000000e9a29018,0x00000000ef900000)
 Metaspace       used 36813K, capacity 37069K, committed 37376K, reserved 1081344K
  class space    used 4774K, capacity 4830K, committed 4864K, reserved 1048576K
}
Event: 18.026 GC heap before
{Heap before GC invocations=23 (full 2):
 PSYoungGen      total 107008K, used 85840K [0x00000000f7b00000, 0x00000000ffd00000, 0x0000000100000000)
  eden space 82944K, 100% used [0x00000000f7b00000,0x00000000fcc00000,0x00000000fcc00000)
  from space 24064K, 12% used [0x00000000fe580000,0x00000000fe854388,0x00000000ffd00000)
  to   space 25088K, 0% used [0x00000000fcc00000,0x00000000fcc00000,0x00000000fe480000)
 ParOldGen       total 140288K, used 43172K [0x00000000e7000000, 0x00000000ef900000, 0x00000000f7b00000)
  object space 140288K, 30% used [0x00000000e7000000,0x00000000e9a29018,0x00000000ef900000)
 Metaspace       used 38953K, capacity 39257K, committed 39680K, reserved 1083392K
  class space    used 5009K, capacity 5088K, committed 5120K, reserved 1048576K
Event: 18.030 GC heap after
Heap after GC invocations=23 (full 2):
 PSYoungGen      total 108032K, used 6773K [0x00000000f7b00000, 0x00000000ffe00000, 0x0000000100000000)
  eden space 82944K, 0% used [0x00000000f7b00000,0x00000000f7b00000,0x00000000fcc00000)
  from space 25088K, 26% used [0x00000000fcc00000,0x00000000fd29d6e0,0x00000000fe480000)
  to   space 23552K, 0% used [0x00000000fe700000,0x00000000fe700000,0x00000000ffe00000)
 ParOldGen       total 140288K, used 43180K [0x00000000e7000000, 0x00000000ef900000, 0x00000000f7b00000)
  object space 140288K, 30% used [0x00000000e7000000,0x00000000e9a2b018,0x00000000ef900000)
 Metaspace       used 38953K, capacity 39257K, committed 39680K, reserved 1083392K
  class space    used 5009K, capacity 5088K, committed 5120K, reserved 1048576K
}
Event: 22.082 GC heap before
{Heap before GC invocations=24 (full 2):
 PSYoungGen      total 108032K, used 89717K [0x00000000f7b00000, 0x00000000ffe00000, 0x0000000100000000)
  eden space 82944K, 100% used [0x00000000f7b00000,0x00000000fcc00000,0x00000000fcc00000)
  from space 25088K, 26% used [0x00000000fcc00000,0x00000000fd29d6e0,0x00000000fe480000)
  to   space 23552K, 0% used [0x00000000fe700000,0x00000000fe700000,0x00000000ffe00000)
 ParOldGen       total 140288K, used 43180K [0x00000000e7000000, 0x00000000ef900000, 0x00000000f7b00000)
  object space 140288K, 30% used [0x00000000e7000000,0x00000000e9a2b018,0x00000000ef900000)
 Metaspace       used 39706K, capacity 40005K, committed 40320K, reserved 1085440K
  class space    used 5044K, capacity 5122K, committed 5248K, reserved 1048576K
Event: 22.086 GC heap after
Heap after GC invocations=24 (full 2):
 PSYoungGen      total 108544K, used 4659K [0x00000000f7b00000, 0x00000000ffb80000, 0x0000000100000000)
  eden space 87552K, 0% used [0x00000000f7b00000,0x00000000f7b00000,0x00000000fd080000)
  from space 20992K, 22% used [0x00000000fe700000,0x00000000feb8cc18,0x00000000ffb80000)
  to   space 22016K, 0% used [0x00000000fd080000,0x00000000fd080000,0x00000000fe600000)
 ParOldGen       total 140288K, used 43188K [0x00000000e7000000, 0x00000000ef900000, 0x00000000f7b00000)
  object space 140288K, 30% used [0x00000000e7000000,0x00000000e9a2d018,0x00000000ef900000)
 Metaspace       used 39706K, capacity 40005K, committed 40320K, reserved 1085440K
  class space    used 5044K, capacity 5122K, committed 5248K, reserved 1048576K
}

Deoptimization events (10 events):
Event: 17.911 Thread 0x000000001a65f000 Uncommon trap: reason=class_check action=maybe_recompile pc=0x0000000004404604 method=java.io.FilterReader.ready()Z @ 4
Event: 17.914 Thread 0x000000001a65f000 Uncommon trap: reason=class_check action=maybe_recompile pc=0x0000000004404604 method=java.io.FilterReader.ready()Z @ 4
Event: 17.945 Thread 0x000000001a65f000 Uncommon trap: reason=bimorphic action=maybe_recompile pc=0x00000000040ef2fc method=java.io.DataInputStream.readFully([BII)V @ 34
Event: 17.945 Thread 0x000000001a65f000 Uncommon trap: reason=bimorphic action=maybe_recompile pc=0x00000000040ef2fc method=java.io.DataInputStream.readFully([BII)V @ 34
Event: 17.945 Thread 0x000000001a65f000 Uncommon trap: reason=bimorphic action=maybe_recompile pc=0x00000000040ef2fc method=java.io.DataInputStream.readFully([BII)V @ 34
Event: 21.238 Thread 0x000000001a65f000 Uncommon trap: reason=unreached action=reinterpret pc=0x0000000004507678 method=es.csic.iiia.normlab.traffic.map.CarMap.getElement(II)Les/csic/iiia/normlab/traffic/agent/TrafficElement; @ 105
Event: 21.238 Thread 0x000000001a65f000 Uncommon trap: reason=class_check action=maybe_recompile pc=0x0000000004527b60 method=es.csic.iiia.normlab.traffic.car.context.TrafficStateCodifier.codify(Les/csic/iiia/normlab/traffic/agent/TrafficElement;)Ljava/lang/String; @ 60
Event: 21.238 Thread 0x000000001a65f000 Uncommon trap: reason=class_check action=maybe_recompile pc=0x0000000004527b60 method=es.csic.iiia.normlab.traffic.car.context.TrafficStateCodifier.codify(Les/csic/iiia/normlab/traffic/agent/TrafficElement;)Ljava/lang/String; @ 60
Event: 21.238 Thread 0x000000001a65f000 Uncommon trap: reason=class_check action=maybe_recompile pc=0x0000000004527b60 method=es.csic.iiia.normlab.traffic.car.context.TrafficStateCodifier.codify(Les/csic/iiia/normlab/traffic/agent/TrafficElement;)Ljava/lang/String; @ 60
Event: 21.238 Thread 0x000000001a65f000 Uncommon trap: reason=class_check action=maybe_recompile pc=0x0000000004527b60 method=es.csic.iiia.normlab.traffic.car.context.TrafficStateCodifier.codify(Les/csic/iiia/normlab/traffic/agent/TrafficElement;)Ljava/lang/String; @ 60

Internal exceptions (10 events):
Event: 21.264 Thread 0x000000001a65f000 Exception <a 'java/security/PrivilegedActionException'> (0x00000000fc5ae878) thrown at [D:\re\workspace\8-2-build-windows-amd64-cygwin\jdk8u20\1074\hotspot\src\share\vm\prims\jvm.cpp, line 1275]
Event: 21.265 Thread 0x000000001a65f000 Exception <a 'java/security/PrivilegedActionException'> (0x00000000fc5b1920) thrown at [D:\re\workspace\8-2-build-windows-amd64-cygwin\jdk8u20\1074\hotspot\src\share\vm\prims\jvm.cpp, line 1275]
Event: 21.265 Thread 0x000000001a65f000 Exception <a 'java/security/PrivilegedActionException'> (0x00000000fc5b4b70) thrown at [D:\re\workspace\8-2-build-windows-amd64-cygwin\jdk8u20\1074\hotspot\src\share\vm\prims\jvm.cpp, line 1275]
Event: 21.268 Thread 0x000000001a65f000 Exception <a 'java/security/PrivilegedActionException'> (0x00000000fc5c8880) thrown at [D:\re\workspace\8-2-build-windows-amd64-cygwin\jdk8u20\1074\hotspot\src\share\vm\prims\jvm.cpp, line 1275]
Event: 21.274 Thread 0x000000001b928000 Exception <a 'java/lang/InterruptedException': sleep interrupted> (0x00000000f90b7790) thrown at [D:\re\workspace\8-2-build-windows-amd64-cygwin\jdk8u20\1074\hotspot\src\share\vm\prims\jvm.cpp, line 3104]
Event: 22.120 Thread 0x000000001b928000 Exception <a 'java/lang/InterruptedException': sleep interrupted> (0x00000000f844f640) thrown at [D:\re\workspace\8-2-build-windows-amd64-cygwin\jdk8u20\1074\hotspot\src\share\vm\prims\jvm.cpp, line 3104]
Event: 25.713 Thread 0x000000001b928000 Exception <a 'java/lang/InterruptedException': sleep interrupted> (0x00000000f844f840) thrown at [D:\re\workspace\8-2-build-windows-amd64-cygwin\jdk8u20\1074\hotspot\src\share\vm\prims\jvm.cpp, line 3104]
Event: 26.576 Thread 0x000000001b928000 Exception <a 'java/lang/InterruptedException': sleep interrupted> (0x00000000f844fa40) thrown at [D:\re\workspace\8-2-build-windows-amd64-cygwin\jdk8u20\1074\hotspot\src\share\vm\prims\jvm.cpp, line 3104]
Event: 27.398 Thread 0x000000001b928000 Exception <a 'java/lang/InterruptedException': sleep interrupted> (0x00000000f844fc40) thrown at [D:\re\workspace\8-2-build-windows-amd64-cygwin\jdk8u20\1074\hotspot\src\share\vm\prims\jvm.cpp, line 3104]
Event: 28.507 Thread 0x000000001b928000 Exception <a 'java/lang/InterruptedException': sleep interrupted> (0x00000000f844fe40) thrown at [D:\re\workspace\8-2-build-windows-amd64-cygwin\jdk8u20\1074\hotspot\src\share\vm\prims\jvm.cpp, line 3104]

Events (10 events):
Event: 40993.200 Executing VM operation: RevokeBias
Event: 40993.200 Executing VM operation: RevokeBias done
Event: 40993.202 Executing VM operation: RevokeBias
Event: 40993.202 Executing VM operation: RevokeBias done
Event: 40993.203 Executing VM operation: RevokeBias
Event: 40993.203 Executing VM operation: RevokeBias done
Event: 40993.204 Executing VM operation: RevokeBias
Event: 40993.204 Executing VM operation: RevokeBias done
Event: 40993.205 Executing VM operation: RevokeBias
Event: 40993.205 Executing VM operation: RevokeBias done


Dynamic libraries:
0x00007ff6df4c0000 - 0x00007ff6df4f4000 	C:\Program Files\Java\jre1.8.0_20\bin\javaw.exe
0x00007ff8c9bb0000 - 0x00007ff8c9d5c000 	C:\WINDOWS\SYSTEM32\ntdll.dll
0x00007ff8c93b0000 - 0x00007ff8c94ee000 	C:\WINDOWS\system32\KERNEL32.DLL
0x00007ff8c7120000 - 0x00007ff8c7235000 	C:\WINDOWS\system32\KERNELBASE.dll
0x00007ff8c5600000 - 0x00007ff8c568e000 	C:\WINDOWS\system32\apphelp.dll
0x00007ff8b2ed0000 - 0x00007ff8b2f23000 	C:\WINDOWS\AppPatch\AppPatch64\AcGenral.DLL
0x00007ff8c7460000 - 0x00007ff8c750a000 	C:\WINDOWS\system32\msvcrt.dll
0x00007ff8c6b40000 - 0x00007ff8c6b6e000 	C:\WINDOWS\SYSTEM32\SspiCli.dll
0x00007ff8c9610000 - 0x00007ff8c9664000 	C:\WINDOWS\system32\SHLWAPI.dll
0x00007ff8c9810000 - 0x00007ff8c9987000 	C:\WINDOWS\system32\USER32.dll
0x00007ff8c8d70000 - 0x00007ff8c8f04000 	C:\WINDOWS\system32\ole32.dll
0x00007ff8c7850000 - 0x00007ff8c8d69000 	C:\WINDOWS\system32\SHELL32.dll
0x00007ff8c62b0000 - 0x00007ff8c62d1000 	C:\WINDOWS\SYSTEM32\USERENV.dll
0x00007ff8c7510000 - 0x00007ff8c75ba000 	C:\WINDOWS\system32\ADVAPI32.dll
0x00007ff8c48d0000 - 0x00007ff8c48ee000 	C:\WINDOWS\SYSTEM32\MPR.dll
0x00007ff8c9680000 - 0x00007ff8c97c1000 	C:\WINDOWS\system32\RPCRT4.dll
0x00007ff8c8f10000 - 0x00007ff8c8f69000 	C:\WINDOWS\SYSTEM32\sechost.dll
0x00007ff8c9990000 - 0x00007ff8c9ba1000 	C:\WINDOWS\SYSTEM32\combase.dll
0x00007ff8c8f70000 - 0x00007ff8c90c0000 	C:\WINDOWS\system32\GDI32.dll
0x00007ff8c6d10000 - 0x00007ff8c6d25000 	C:\WINDOWS\SYSTEM32\profapi.dll
0x00007ff8c5520000 - 0x00007ff8c55d2000 	C:\WINDOWS\SYSTEM32\SHCORE.dll
0x00007ff8c97d0000 - 0x00007ff8c9806000 	C:\WINDOWS\system32\IMM32.DLL
0x00007ff8c7240000 - 0x00007ff8c7392000 	C:\WINDOWS\system32\MSCTF.dll
0x00007ff8c4430000 - 0x00007ff8c46aa000 	C:\WINDOWS\WinSxS\amd64_microsoft.windows.common-controls_6595b64144ccf1df_6.0.9600.17810_none_6240b9c7ecbd0bda\COMCTL32.dll
0x000000006f1f0000 - 0x000000006f2c2000 	C:\Program Files\Java\jre1.8.0_20\bin\msvcr100.dll
0x000000006de00000 - 0x000000006e658000 	C:\Program Files\Java\jre1.8.0_20\bin\server\jvm.dll
0x00007ff8bc280000 - 0x00007ff8bc289000 	C:\WINDOWS\SYSTEM32\WSOCK32.dll
0x00007ff8bdca0000 - 0x00007ff8bdcc2000 	C:\WINDOWS\SYSTEM32\WINMM.dll
0x00007ff8c7770000 - 0x00007ff8c7777000 	C:\WINDOWS\system32\PSAPI.DLL
0x00007ff8c94f0000 - 0x00007ff8c954a000 	C:\WINDOWS\system32\WS2_32.dll
0x00007ff8bdc70000 - 0x00007ff8bdc9a000 	C:\WINDOWS\SYSTEM32\WINMMBASE.dll
0x00007ff8c90c0000 - 0x00007ff8c90c9000 	C:\WINDOWS\system32\NSI.dll
0x00007ff8c70d0000 - 0x00007ff8c711f000 	C:\WINDOWS\SYSTEM32\cfgmgr32.dll
0x00007ff8c59e0000 - 0x00007ff8c5a08000 	C:\WINDOWS\SYSTEM32\DEVOBJ.dll
0x000000006f480000 - 0x000000006f48f000 	C:\Program Files\Java\jre1.8.0_20\bin\verify.dll
0x000000006f310000 - 0x000000006f338000 	C:\Program Files\Java\jre1.8.0_20\bin\java.dll
0x000000006f1d0000 - 0x000000006f1e6000 	C:\Program Files\Java\jre1.8.0_20\bin\zip.dll
0x000000006dc60000 - 0x000000006ddf8000 	C:\Program Files\Java\jre1.8.0_20\bin\awt.dll
0x00007ff8c7780000 - 0x00007ff8c7841000 	C:\WINDOWS\system32\OLEAUT32.dll
0x00007ff8c5a10000 - 0x00007ff8c5b39000 	C:\WINDOWS\system32\uxtheme.dll
0x00007ff8c5320000 - 0x00007ff8c5341000 	C:\WINDOWS\system32\dwmapi.dll
0x00007ff8c59d0000 - 0x00007ff8c59db000 	C:\WINDOWS\SYSTEM32\kernel.appcore.dll
0x00007ff8c6c00000 - 0x00007ff8c6c0b000 	C:\WINDOWS\SYSTEM32\CRYPTBASE.dll
0x00007ff8c6b90000 - 0x00007ff8c6bf3000 	C:\WINDOWS\SYSTEM32\bcryptPrimitives.dll
0x000000006f180000 - 0x000000006f1c7000 	C:\Program Files\Java\jre1.8.0_20\bin\fontmanager.dll
0x000000006f160000 - 0x000000006f17a000 	C:\Program Files\Java\jre1.8.0_20\bin\net.dll
0x00007ff8c6520000 - 0x00007ff8c6579000 	C:\WINDOWS\system32\mswsock.dll
0x000000006f140000 - 0x000000006f151000 	C:\Program Files\Java\jre1.8.0_20\bin\nio.dll
0x00007ff8c6580000 - 0x00007ff8c65a0000 	C:\WINDOWS\SYSTEM32\CRYPTSP.dll
0x00007ff8c61a0000 - 0x00007ff8c61d6000 	C:\WINDOWS\system32\rsaenh.dll
0x00007ff8c67d0000 - 0x00007ff8c67f6000 	C:\WINDOWS\SYSTEM32\bcrypt.dll
0x00007ff8c1320000 - 0x00007ff8c134a000 	C:\WINDOWS\SYSTEM32\IPHLPAPI.DLL
0x00007ff8c12f0000 - 0x00007ff8c12fa000 	C:\WINDOWS\SYSTEM32\WINNSI.DLL
0x00007ff8c01f0000 - 0x00007ff8c0206000 	C:\WINDOWS\SYSTEM32\dhcpcsvc6.DLL
0x00007ff8c0d10000 - 0x00007ff8c0d2a000 	C:\WINDOWS\SYSTEM32\dhcpcsvc.DLL
0x00007ff8ba330000 - 0x00007ff8ba3d4000 	C:\WINDOWS\WinSxS\amd64_microsoft.windows.common-controls_6595b64144ccf1df_5.82.9600.17810_none_34ae2abd958aedeb\comctl32.dll
0x000000006dc10000 - 0x000000006dc51000 	C:\Program Files\Java\jre1.8.0_20\bin\t2k.dll
0x00007ff8c73a0000 - 0x00007ff8c7456000 	C:\WINDOWS\SYSTEM32\clbcatq.dll
0x00007ff8c4d00000 - 0x00007ff8c4eae000 	C:\WINDOWS\SYSTEM32\WindowsCodecs.dll
0x00000000637c0000 - 0x00000000637cd000 	C:\Users\mehdimashayekhi\AppData\Local\Temp\jogamp_0000\file_cache\jln8131780037625413330\jln7650728228780965838\gluegen-rt.dll
0x000000006f130000 - 0x000000006f137000 	C:\Program Files\Java\jre1.8.0_20\bin\jawt.dll
0x000000006a440000 - 0x000000006a44d000 	C:\Users\mehdimashayekhi\AppData\Local\Temp\jogamp_0000\file_cache\jln8131780037625413330\jln7650728228780965838\nativewindow_awt.dll
0x000000006c100000 - 0x000000006c10f000 	C:\Users\mehdimashayekhi\AppData\Local\Temp\jogamp_0000\file_cache\jln8131780037625413330\jln7650728228780965838\nativewindow_win32.dll
0x00007ff8b06b0000 - 0x00007ff8b07db000 	C:\WINDOWS\SYSTEM32\OpenGL32.dll
0x00007ff8c2280000 - 0x00007ff8c22ae000 	C:\WINDOWS\SYSTEM32\GLU32.dll
0x00007ff8b05b0000 - 0x00007ff8b06a8000 	C:\WINDOWS\SYSTEM32\DDRAW.dll
0x00007ff8c47a0000 - 0x00007ff8c47a9000 	C:\WINDOWS\SYSTEM32\DCIMAN32.dll
0x0000000064500000 - 0x00000000645a0000 	C:\Users\mehdimashayekhi\AppData\Local\Temp\jogamp_0000\file_cache\jln8131780037625413330\jln7650728228780965838\jogl_desktop.dll
0x00007ff8c3f90000 - 0x00007ff8c3fa8000 	C:\WINDOWS\SYSTEM32\atig6pxx.dll
0x00007ff8b3200000 - 0x00007ff8b32cf000 	C:\WINDOWS\SYSTEM32\atiadlxx.dll
0x00007ff8c0060000 - 0x00007ff8c01df000 	C:\WINDOWS\SYSTEM32\PROPSYS.dll
0x00007ff8c55e0000 - 0x00007ff8c55f2000 	C:\WINDOWS\SYSTEM32\WTSAPI32.dll
0x00007ff8c90d0000 - 0x00007ff8c92aa000 	C:\WINDOWS\system32\SETUPAPI.dll
0x00007ff8c6fc0000 - 0x00007ff8c7011000 	C:\WINDOWS\system32\WINTRUST.dll
0x00007ff8c6de0000 - 0x00007ff8c6fbf000 	C:\WINDOWS\system32\CRYPT32.dll
0x00007ff8c6dc0000 - 0x00007ff8c6dd1000 	C:\WINDOWS\system32\MSASN1.dll
0x0000000180000000 - 0x00000001807d1000 	C:\WINDOWS\SYSTEM32\ig7icd64.dll
0x00007ff8c0830000 - 0x00007ff8c0c90000 	C:\WINDOWS\SYSTEM32\igdusc64.dll
0x00007ff8b6290000 - 0x00007ff8b62ae000 	C:\WINDOWS\SYSTEM32\atig6txx.dll
0x00007ff8c3880000 - 0x00007ff8c388a000 	C:\WINDOWS\SYSTEM32\VERSION.dll
0x00007ff8c35e0000 - 0x00007ff8c3711000 	C:\WINDOWS\SYSTEM32\aticfx64.dll
0x00007ff8c6cb0000 - 0x00007ff8c6cf6000 	C:\WINDOWS\SYSTEM32\powrprof.dll
0x000000006dbe0000 - 0x000000006dc0a000 	C:\Program Files\Java\jre1.8.0_20\bin\dcpr.dll
0x00007ff8c4900000 - 0x00007ff8c4a89000 	C:\WINDOWS\SYSTEM32\dbghelp.dll

VM Arguments:
jvm_args: -Xss10M -Xmx400M -Dfile.encoding=Cp1252 
java_command: repast.simphony.runtime.RepastMain C:\Users\mehdimashayekhi\workspace\NormLabSimulators/repast-settings/TrafficJunction.rs
java_class_path (initial): C:\RepastSimphony-2.1\eclipse\plugins\org.codehaus.groovy_2.1.5.xx-20130703-1600-e43-RELEASE\lib\groovy-all-2.1.5.jar;C:\RepastSimphony-2.1\eclipse\plugins\org.codehaus.groovy_2.1.5.xx-20130703-1600-e43-RELEASE\lib\bsf-2.4.0.jar;C:\RepastSimphony-2.1\eclipse\plugins\org.codehaus.groovy_2.1.5.xx-20130703-1600-e43-RELEASE\lib\ivy-2.2.0.jar;C:\RepastSimphony-2.1\eclipse\plugins\org.codehaus.groovy_2.1.5.xx-20130703-1600-e43-RELEASE\lib\servlet-api-2.4.jar;C:\RepastSimphony-2.1\eclipse\plugins\repast.simphony.runtime_2.2.0\bin;C:\RepastSimphony-2.1\eclipse\plugins\repast.simphony.runtime_2.2.0\lib\saf.core.runtime.jar;C:\RepastSimphony-2.1\eclipse\plugins\repast.simphony.runtime_2.2.0\lib\commons-logging-1.1.2.jar;C:\RepastSimphony-2.1\eclipse\plugins\repast.simphony.runtime_2.2.0\lib\javassist-3.17.1-GA.jar;C:\RepastSimphony-2.1\eclipse\plugins\repast.simphony.runtime_2.2.0\lib\jpf.jar;C:\RepastSimphony-2.1\eclipse\plugins\repast.simphony.runtime_2.2.0\lib\jpf-boot.jar;C:\RepastSimphony-2.1\eclipse\plugins\repast.simphony.runtime_2.2.0\lib\log4j-1.2.16.jar;C:\RepastSimphony-2.1\eclipse\plugins\repast.simphony.runtime_2.2.0\lib\xpp3_min-1.1.4c.jar;C:\RepastSimphony-2.1\eclipse\plugins\repast.simphony.runtime_2.2.0\lib\xstream-1.4.7.jar;C:\RepastSimphony-2.1\eclipse\plugins\repast.simphony.runtime_2.2.0\lib\xmlpull-1.1.3.1.jar;C:\RepastSimphony-2.1\eclipse\plugins\repast.simphony.runtime_2.2.0\lib\commons-cli-1.2.jar;C:\Users\mehdimashayekhi\workspace\NormSynthesisMachine\bin;C:\Users\mehdimashayekhi\workspace\NormSynthesisMachine\lib\collections-generic-4.01.jar;C:\Users\mehdimashayekhi\workspace\NormSynthesisMachine\lib\colt-1.2.0.jar;C:\Users\mehdimashayekhi\workspace\NormSynthesisMachine\lib\concurrent-1.3.4.jar;C:\Users\mehdimashayekhi\workspace\NormSynthesisMachine\lib\j3d-core-1.3.1.jar;C:\Users\mehdimashayekhi\workspace\NormSynthesisMachine\lib\jcommon-1.0.14.jar;C:\Users\mehdimashayekhi\workspace\NormSynthesisMachine\lib\jess7.1.2.ja
Launcher Type: SUN_STANDARD

Environment Variables:
CLASSPATH=C:\LINGO13\Lingo13.jar
PATH=C:/RepastSimphony-2.1/eclipse/jre/bin/server;C:/RepastSimphony-2.1/eclipse/jre/bin;C:/RepastSimphony-2.1/eclipse/jre/lib/amd64;C:\ProgramData\Oracle\Java\javapath;c:\mingw\bin;c:\mingw\libexec\gcc\x86_64-pc-mingw32\4.8.2;C:\Program Files\Microsoft HPC Pack 2008\Bin\;c:\Program Files (x86)\Intel\iCLS Client\;c:\Program Files\Intel\iCLS Client\;c:\Program Files (x86)\AMD APP\bin\x86_64;c:\Program Files (x86)\AMD APP\bin\x86;C:\WINDOWS\system32;C:\WINDOWS;C:\WINDOWS\System32\Wbem;C:\WINDOWS\System32\WindowsPowerShell\v1.0\;c:\Program Files (x86)\ATI Technologies\ATI.ACE\Core-Static;C:\Program Files\Intel\Intel(R) Management Engine Components\DAL;C:\Program Files\Intel\Intel(R) Management Engine Components\IPT;C:\Program Files (x86)\Intel\Intel(R) Management Engine Components\DAL;C:\Program Files (x86)\Intel\Intel(R) Management Engine Components\IPT;C:\Program Files (x86)\Windows Live\Shared;C:\Program Files (x86)\MATLAB\R2009b\runtime\win32;C:\Program Files (x86)\MATLAB\R2009b\bin;C:\SIMULIA\Abaqus\Commands;C:\Anaconda;C:\Anaconda\Scripts;C:\Spin;C:\Program Files (x86)\Java\jre7\bin;C:\LINGO13\;C:\Program Files\MATLAB\MATLAB Compiler Runtime\v81\runtime\win64;C:\Program Files\Intel\WiFi\bin\;C:\Program Files\Common Files\Intel\WirelessCommon\;C:\Program Files\Microsoft SQL Server\110\Tools\Binn\;C:\Program Files (x86)\Windows Kits\8.1\Windows Performance Toolkit\;C:\Program Files (x86)\Microsoft SDKs\TypeScript\1.0\;C:\Program Files (x86)\MiKTeX 2.9\miktex\bin\;C:\Program Files\Java\jdk1.8.0_20\bin;C:\Program Files\Intel\WiFi\bin\;C:\Program Files\Common Files\Intel\WirelessCommon\;C:\RepastSimphony-2.1\eclipse;
USERNAME=mehdimashayekhi
OS=Windows_NT
PROCESSOR_IDENTIFIER=Intel64 Family 6 Model 58 Stepping 9, GenuineIntel



---------------  S Y S T E M  ---------------

OS: Windows 8.1 , 64 bit Build 9600 

CPU:total 8 (4 cores per cpu, 2 threads per core) family 6 model 58 stepping 9, cmov, cx8, fxsr, mmx, sse, sse2, sse3, ssse3, sse4.1, sse4.2, popcnt, avx, aes, clmul, erms, ht, tsc, tscinvbit, tscinv

Memory: 4k page, physical 8254744k(2097008k free), swap 10482968k(3398428k free)

vm_info: Java HotSpot(TM) 64-Bit Server VM (25.20-b23) for windows-amd64 JRE (1.8.0_20-b26), built on Jul 30 2014 13:51:23 by "java_re" with MS VC++ 10.0 (VS2010)

time: Wed Aug 26 07:15:20 2015
elapsed time: 41001 seconds (0d 11h 23m 21s)

