2015-09-06 10:07:15,656 - ClasspathResourceLoader : initialization complete.
2015-09-06 10:07:15,664 - ResourceCache : initialized. (class org.apache.velocity.runtime.resource.ResourceCacheImpl)
2015-09-06 10:07:15,665 - Default ResourceManager initialization complete.
2015-09-06 10:07:15,670 - Loaded System Directive: org.apache.velocity.runtime.directive.Literal
2015-09-06 10:07:15,674 - Loaded System Directive: org.apache.velocity.runtime.directive.Macro
2015-09-06 10:07:15,680 - Loaded System Directive: org.apache.velocity.runtime.directive.Parse
2015-09-06 10:07:15,684 - Loaded System Directive: org.apache.velocity.runtime.directive.Include
2015-09-06 10:07:15,686 - Loaded System Directive: org.apache.velocity.runtime.directive.Foreach
2015-09-06 10:07:15,729 - Created: 20 parsers.
2015-09-06 10:07:15,747 - Velocimacro : initialization starting.
2015-09-06 10:07:15,747 - Velocimacro : adding VMs from VM library template : VM_global_library.vm
2015-09-06 10:07:15,758 - ResourceManager : unable to find resource 'VM_global_library.vm' in any resource loader.
2015-09-06 10:07:15,758 - Velocimacro : error using  VM library template VM_global_library.vm : org.apache.velocity.exception.ResourceNotFoundException: Unable to find resource 'VM_global_library.vm'
2015-09-06 10:07:15,758 - Velocimacro :  VM library template macro registration complete.
2015-09-06 10:07:15,758 - Velocimacro : allowInline = true : VMs can be defined inline in templates
2015-09-06 10:07:15,759 - Velocimacro : allowInlineToOverride = false : VMs defined inline may NOT replace previous VM definitions
2015-09-06 10:07:15,759 - Velocimacro : allowInlineLocal = false : VMs defined inline will be  global in scope if allowed.
2015-09-06 10:07:15,759 - Velocimacro : messages on  : VM system will output logging messages
2015-09-06 10:07:15,759 - Velocimacro : autoload off  : VM system will not automatically reload global library macros
2015-09-06 10:07:15,759 - Velocimacro : initialization complete.
2015-09-06 10:07:15,759 - Velocity successfully started.
